<?xml version="1.0" encoding="UTF-8"?>
<testsuite name="codeHW3Test" tests="2" skipped="0" failures="0" errors="0" timestamp="2023-10-12T16:52:11" hostname="CAP-WORKSTATION" time="58.429">
  <properties/>
  <testcase name="isPrimeTest" classname="codeHW3Test" time="58.363"/>
  <testcase name="evenOrOddTest" classname="codeHW3Test" time="0.064"/>
  <system-out><![CDATA[timestamp = 2023-10-12T18:52:11.431513200, generated = 
  arg0: 36


timestamp = 2023-10-12T18:52:11.451016600, generated = 
  arg0: 1


timestamp = 2023-10-12T18:52:11.452019900, generated = 
  arg0: 1994


timestamp = 2023-10-12T18:52:11.453018100, generated = 
  arg0: 11200


timestamp = 2023-10-12T18:52:11.454019600, generated = 
  arg0: 24475


timestamp = 2023-10-12T18:52:11.455018500, generated = 
  arg0: -338


timestamp = 2023-10-12T18:52:11.456019100, generated = 
  arg0: 138


timestamp = 2023-10-12T18:52:11.457020800, generated = 
  arg0: -13396


timestamp = 2023-10-12T18:52:11.458020700, generated = 
  arg0: -801


timestamp = 2023-10-12T18:52:11.458020700, generated = 
  arg0: -135


timestamp = 2023-10-12T18:52:11.459019500, generated = 
  arg0: 891599


timestamp = 2023-10-12T18:52:11.460020300, generated = 
  arg0: -69916


timestamp = 2023-10-12T18:52:11.461021400, generated = 
  arg0: -68774


timestamp = 2023-10-12T18:52:11.462018600, generated = 
  arg0: 43


timestamp = 2023-10-12T18:52:11.463020500, generated = 
  arg0: 483987


timestamp = 2023-10-12T18:52:11.464018500, generated = 
  arg0: 3766538


timestamp = 2023-10-12T18:52:11.465019900, generated = 
  arg0: 3525


timestamp = 2023-10-12T18:52:11.466021, generated = 
  arg0: -100


timestamp = 2023-10-12T18:52:11.467022100, generated = 
  arg0: 123536


timestamp = 2023-10-12T18:52:11.468019200, generated = 
  arg0: 33151


timestamp = 2023-10-12T18:52:11.469020400, generated = 
  arg0: 7518


timestamp = 2023-10-12T18:52:11.470020700, generated = 
  arg0: -5038


timestamp = 2023-10-12T18:52:11.471021400, generated = 
  arg0: 823


timestamp = 2023-10-12T18:52:11.472021500, generated = 
  arg0: -132495


timestamp = 2023-10-12T18:52:11.473019500, generated = 
  arg0: -39248


timestamp = 2023-10-12T18:52:11.474018900, generated = 
  arg0: -293


timestamp = 2023-10-12T18:52:11.475020, generated = 
  arg0: 45877


timestamp = 2023-10-12T18:52:11.475020, generated = 
  arg0: 774682341


timestamp = 2023-10-12T18:52:11.476020200, generated = 
  arg0: -874764137


timestamp = 2023-10-12T18:52:11.477021, generated = 
  arg0: 23


timestamp = 2023-10-12T18:52:11.478021800, generated = 
  arg0: -2


timestamp = 2023-10-12T18:52:11.479020600, generated = 
  arg0: 2371


timestamp = 2023-10-12T18:52:11.480020400, generated = 
  arg0: 12518


timestamp = 2023-10-12T18:52:11.481020600, generated = 
  arg0: 10131


timestamp = 2023-10-12T18:52:11.481020600, generated = 
  arg0: -271


timestamp = 2023-10-12T18:52:11.482022800, generated = 
  arg0: -2


timestamp = 2023-10-12T18:52:11.483022200, generated = 
  arg0: -1


timestamp = 2023-10-12T18:52:11.484022400, generated = 
  arg0: 49003


timestamp = 2023-10-12T18:52:11.484022400, generated = 
  arg0: -5


timestamp = 2023-10-12T18:52:11.485021900, generated = 
  arg0: -23


timestamp = 2023-10-12T18:52:11.486024300, generated = 
  arg0: -648


timestamp = 2023-10-12T18:52:11.487020300, generated = 
  arg0: -99


timestamp = 2023-10-12T18:52:11.488021300, generated = 
  arg0: -48


timestamp = 2023-10-12T18:52:11.489019600, generated = 
  arg0: 5665


timestamp = 2023-10-12T18:52:11.490021, generated = 
  arg0: -194


timestamp = 2023-10-12T18:52:11.490021, generated = 
  arg0: -11759


timestamp = 2023-10-12T18:52:11.491021800, generated = 
  arg0: -4


timestamp = 2023-10-12T18:52:11.492022800, generated = 
  arg0: 342


timestamp = 2023-10-12T18:52:11.492022800, generated = 
  arg0: -4


timestamp = 2023-10-12T18:52:11.493022900, generated = 
  arg0: 0


timestamp = 2023-10-12T18:52:11.494022100, generated = 
  arg0: 19267


timestamp = 2023-10-12T18:52:11.494022100, generated = 
  arg0: 11179


timestamp = 2023-10-12T18:52:11.495023100, generated = 
  arg0: 4547


timestamp = 2023-10-12T18:52:11.496022700, generated = 
  arg0: -366


timestamp = 2023-10-12T18:52:11.496022700, generated = 
  arg0: -22690


timestamp = 2023-10-12T18:52:11.497024500, generated = 
  arg0: 2


timestamp = 2023-10-12T18:52:11.498022200, generated = 
  arg0: -1399


timestamp = 2023-10-12T18:52:11.498022200, generated = 
  arg0: 187786


timestamp = 2023-10-12T18:52:11.499023600, generated = 
  arg0: 155509


timestamp = 2023-10-12T18:52:11.500021800, generated = 
  arg0: 2980


timestamp = 2023-10-12T18:52:11.501023, generated = 
  arg0: -28691


timestamp = 2023-10-12T18:52:11.502023300, generated = 
  arg0: -15403


timestamp = 2023-10-12T18:52:11.503024800, generated = 
  arg0: -1457844


timestamp = 2023-10-12T18:52:11.504023200, generated = 
  arg0: -4697


timestamp = 2023-10-12T18:52:11.505022300, generated = 
  arg0: 69693


timestamp = 2023-10-12T18:52:11.505022300, generated = 
  arg0: 159


timestamp = 2023-10-12T18:52:11.506023200, generated = 
  arg0: -34


timestamp = 2023-10-12T18:52:11.507023500, generated = 
  arg0: 2838926


timestamp = 2023-10-12T18:52:11.508023200, generated = 
  arg0: 1686


timestamp = 2023-10-12T18:52:11.508023200, generated = 
  arg0: -1531762192


timestamp = 2023-10-12T18:52:11.509021900, generated = 
  arg0: -6


timestamp = 2023-10-12T18:52:11.510022700, generated = 
  arg0: 40652


timestamp = 2023-10-12T18:52:11.510022700, generated = 
  arg0: 0


timestamp = 2023-10-12T18:52:11.511022, generated = 
  arg0: 2


timestamp = 2023-10-12T18:52:11.512023900, generated = 
  arg0: -75


timestamp = 2023-10-12T18:52:11.513022300, generated = 
  arg0: 18


timestamp = 2023-10-12T18:52:11.513022300, generated = 
  arg0: -11


timestamp = 2023-10-12T18:52:11.514023900, generated = 
  arg0: -39


timestamp = 2023-10-12T18:52:11.515022600, generated = 
  arg0: 0


timestamp = 2023-10-12T18:52:11.515022600, generated = 
  arg0: 2065241044


timestamp = 2023-10-12T18:52:11.516022100, generated = 
  arg0: 1502581740


timestamp = 2023-10-12T18:52:11.517022300, generated = 
  arg0: 262


timestamp = 2023-10-12T18:52:11.518022600, generated = 
  arg0: -5838835


timestamp = 2023-10-12T18:52:11.519022600, generated = 
  arg0: -361


timestamp = 2023-10-12T18:52:11.519022600, generated = 
  arg0: 13052


timestamp = 2023-10-12T18:52:11.520025200, generated = 
  arg0: 5015


timestamp = 2023-10-12T18:52:11.521023600, generated = 
  arg0: 47


timestamp = 2023-10-12T18:52:11.522024900, generated = 
  arg0: -1873819266


timestamp = 2023-10-12T18:52:11.523025100, generated = 
  arg0: 0


timestamp = 2023-10-12T18:52:11.523025100, generated = 
  arg0: -147


timestamp = 2023-10-12T18:52:11.524024900, generated = 
  arg0: -1595


timestamp = 2023-10-12T18:52:11.524024900, generated = 
  arg0: 10927


timestamp = 2023-10-12T18:52:11.525024700, generated = 
  arg0: -390966


timestamp = 2023-10-12T18:52:11.526028600, generated = 
  arg0: 14676


timestamp = 2023-10-12T18:52:11.526028600, generated = 
  arg0: 534


timestamp = 2023-10-12T18:52:11.527026100, generated = 
  arg0: -24971


timestamp = 2023-10-12T18:52:11.528023500, generated = 
  arg0: -935


timestamp = 2023-10-12T18:52:11.528023500, generated = 
  arg0: 5501


timestamp = 2023-10-12T18:52:11.529025200, generated = 
  arg0: -2044


timestamp = 2023-10-12T18:52:11.530023400, generated = 
  arg0: -635128


timestamp = 2023-10-12T18:52:11.530023400, generated = 
  arg0: -3429


timestamp = 2023-10-12T18:52:11.531028500, generated = 
  arg0: 449073


timestamp = 2023-10-12T18:52:11.532031300, generated = 
  arg0: -5855


timestamp = 2023-10-12T18:52:11.533026700, generated = 
  arg0: 22974


timestamp = 2023-10-12T18:52:11.533026700, generated = 
  arg0: 5


timestamp = 2023-10-12T18:52:11.534028100, generated = 
  arg0: 426


timestamp = 2023-10-12T18:52:11.535027400, generated = 
  arg0: 576


timestamp = 2023-10-12T18:52:11.536028900, generated = 
  arg0: 2463


timestamp = 2023-10-12T18:52:11.536028900, generated = 
  arg0: 6


timestamp = 2023-10-12T18:52:11.537025600, generated = 
  arg0: -1663638350


timestamp = 2023-10-12T18:52:11.538024800, generated = 
  arg0: 596000


timestamp = 2023-10-12T18:52:11.538024800, generated = 
  arg0: -1


timestamp = 2023-10-12T18:52:11.539026700, generated = 
  arg0: 17


timestamp = 2023-10-12T18:52:11.540025600, generated = 
  arg0: -13


timestamp = 2023-10-12T18:52:11.540025600, generated = 
  arg0: -3


timestamp = 2023-10-12T18:52:11.541027900, generated = 
  arg0: 132


timestamp = 2023-10-12T18:52:11.541027900, generated = 
  arg0: -45


timestamp = 2023-10-12T18:52:11.542027, generated = 
  arg0: -1818392907


timestamp = 2023-10-12T18:52:11.543027300, generated = 
  arg0: 40235


timestamp = 2023-10-12T18:52:11.544026500, generated = 
  arg0: 24


timestamp = 2023-10-12T18:52:11.544026500, generated = 
  arg0: 2561764


timestamp = 2023-10-12T18:52:11.545028500, generated = 
  arg0: -2103137


timestamp = 2023-10-12T18:52:11.545028500, generated = 
  arg0: 5884


timestamp = 2023-10-12T18:52:11.546101600, generated = 
  arg0: 2


timestamp = 2023-10-12T18:52:11.546101600, generated = 
  arg0: 1350


timestamp = 2023-10-12T18:52:11.547101800, generated = 
  arg0: 547428777


timestamp = 2023-10-12T18:52:11.548102, generated = 
  arg0: 154075


timestamp = 2023-10-12T18:52:11.548102, generated = 
  arg0: -1560902323


timestamp = 2023-10-12T18:52:11.549102100, generated = 
  arg0: -74927


timestamp = 2023-10-12T18:52:11.550104400, generated = 
  arg0: 1


timestamp = 2023-10-12T18:52:11.550104400, generated = 
  arg0: 421


timestamp = 2023-10-12T18:52:11.551104400, generated = 
  arg0: -155


timestamp = 2023-10-12T18:52:11.552104400, generated = 
  arg0: 166116


timestamp = 2023-10-12T18:52:11.553101400, generated = 
  arg0: 0


timestamp = 2023-10-12T18:52:11.553101400, generated = 
  arg0: -1697534451


timestamp = 2023-10-12T18:52:11.554103900, generated = 
  arg0: -92


timestamp = 2023-10-12T18:52:11.554103900, generated = 
  arg0: 5450


timestamp = 2023-10-12T18:52:11.555103200, generated = 
  arg0: 7


timestamp = 2023-10-12T18:52:11.555103200, generated = 
  arg0: -534793785


timestamp = 2023-10-12T18:52:11.556105100, generated = 
  arg0: -2147483648


timestamp = 2023-10-12T18:52:11.556105100, generated = 
  arg0: -17


timestamp = 2023-10-12T18:52:11.557104900, generated = 
  arg0: 13500


timestamp = 2023-10-12T18:52:11.557104900, generated = 
  arg0: 102


timestamp = 2023-10-12T18:52:11.558104400, generated = 
  arg0: -520845010


timestamp = 2023-10-12T18:52:11.558104400, generated = 
  arg0: -357813


timestamp = 2023-10-12T18:52:11.559105, generated = 
  arg0: 7


timestamp = 2023-10-12T18:52:11.559105, generated = 
  arg0: 2147483647


timestamp = 2023-10-12T18:52:17.309451600, generated = 
  arg0: 155085


timestamp = 2023-10-12T18:52:17.310455600, generated = 
  arg0: -70


timestamp = 2023-10-12T18:52:17.311453400, generated = 
  arg0: -94210


timestamp = 2023-10-12T18:52:17.312449800, generated = 
  arg0: -670


timestamp = 2023-10-12T18:52:17.312449800, generated = 
  arg0: -4539


timestamp = 2023-10-12T18:52:17.313451400, generated = 
  arg0: 8176


timestamp = 2023-10-12T18:52:17.313451400, generated = 
  arg0: 14


timestamp = 2023-10-12T18:52:17.314452500, generated = 
  arg0: -207


timestamp = 2023-10-12T18:52:17.315456900, generated = 
  arg0: 606


timestamp = 2023-10-12T18:52:17.316453400, generated = 
  arg0: 1


timestamp = 2023-10-12T18:52:17.316453400, generated = 
  arg0: -2147483648


timestamp = 2023-10-12T18:52:17.317454, generated = 
  arg0: -3796285


timestamp = 2023-10-12T18:52:17.318450400, generated = 
  arg0: 882398


timestamp = 2023-10-12T18:52:17.319453700, generated = 
  arg0: -131


timestamp = 2023-10-12T18:52:17.319453700, generated = 
  arg0: 2


timestamp = 2023-10-12T18:52:17.321454200, generated = 
  arg0: 11194


timestamp = 2023-10-12T18:52:17.321454200, generated = 
  arg0: -837146


timestamp = 2023-10-12T18:52:17.322457100, generated = 
  arg0: -5105


timestamp = 2023-10-12T18:52:17.323449900, generated = 
  arg0: 0


timestamp = 2023-10-12T18:52:17.324455200, generated = 
  arg0: -2147483647


timestamp = 2023-10-12T18:52:17.326450500, generated = 
  arg0: 1067108895


timestamp = 2023-10-12T18:52:17.327456600, generated = 
  arg0: 2294


timestamp = 2023-10-12T18:52:17.328453800, generated = 
  arg0: 2147483647


timestamp = 2023-10-12T18:52:23.272788, generated = 
  arg0: 1906168994


timestamp = 2023-10-12T18:52:23.273793, generated = 
  arg0: 160


timestamp = 2023-10-12T18:52:23.274790, generated = 
  arg0: -5


timestamp = 2023-10-12T18:52:23.275789900, generated = 
  arg0: 3


timestamp = 2023-10-12T18:52:23.275789900, generated = 
  arg0: 4012


timestamp = 2023-10-12T18:52:23.276795100, generated = 
  arg0: -4


timestamp = 2023-10-12T18:52:23.277788500, generated = 
  arg0: 786


timestamp = 2023-10-12T18:52:23.278789200, generated = 
  arg0: -428453


timestamp = 2023-10-12T18:52:23.279792400, generated = 
  arg0: 923224960


timestamp = 2023-10-12T18:52:23.279792400, generated = 
  arg0: 3


timestamp = 2023-10-12T18:52:23.280790700, generated = 
  arg0: -266868179


timestamp = 2023-10-12T18:52:23.281789800, generated = 
  arg0: -127017


timestamp = 2023-10-12T18:52:23.281789800, generated = 
  arg0: 294377


timestamp = 2023-10-12T18:52:23.282792300, generated = 
  arg0: 23


timestamp = 2023-10-12T18:52:23.283790700, generated = 
  arg0: 52406


timestamp = 2023-10-12T18:52:23.284791200, generated = 
  arg0: -103


timestamp = 2023-10-12T18:52:23.285790500, generated = 
  arg0: 43


timestamp = 2023-10-12T18:52:23.286791900, generated = 
  arg0: 61


timestamp = 2023-10-12T18:52:23.287792800, generated = 
  arg0: 7778


timestamp = 2023-10-12T18:52:23.288794400, generated = 
  arg0: 4


timestamp = 2023-10-12T18:52:23.289790, generated = 
  arg0: -5013


timestamp = 2023-10-12T18:52:23.290792100, generated = 
  arg0: 466675


timestamp = 2023-10-12T18:52:23.291792800, generated = 
  arg0: -692


timestamp = 2023-10-12T18:52:23.292789300, generated = 
  arg0: 976176237


timestamp = 2023-10-12T18:52:23.293792500, generated = 
  arg0: -91


timestamp = 2023-10-12T18:52:23.294791, generated = 
  arg0: 21


timestamp = 2023-10-12T18:52:23.295791700, generated = 
  arg0: -502


timestamp = 2023-10-12T18:52:23.295791700, generated = 
  arg0: 10484


timestamp = 2023-10-12T18:52:23.296791700, generated = 
  arg0: 1346955645


timestamp = 2023-10-12T18:52:23.297795200, generated = 
  arg0: 42


timestamp = 2023-10-12T18:52:23.298793300, generated = 
  arg0: -2136


timestamp = 2023-10-12T18:52:23.299791500, generated = 
  arg0: -15529


timestamp = 2023-10-12T18:52:23.300791, generated = 
  arg0: 2147483646


timestamp = 2023-10-12T18:52:23.301791400, generated = 
  arg0: 39


timestamp = 2023-10-12T18:52:23.302794800, generated = 
  arg0: -679


timestamp = 2023-10-12T18:52:23.303794700, generated = 
  arg0: -135753


timestamp = 2023-10-12T18:52:23.303794700, generated = 
  arg0: -28228


timestamp = 2023-10-12T18:52:23.304793200, generated = 
  arg0: -45260


timestamp = 2023-10-12T18:52:23.305797, generated = 
  arg0: -14849


timestamp = 2023-10-12T18:52:23.306796600, generated = 
  arg0: 801451


timestamp = 2023-10-12T18:52:23.307791800, generated = 
  arg0: 0


timestamp = 2023-10-12T18:52:23.308795400, generated = 
  arg0: 71


timestamp = 2023-10-12T18:52:23.309796100, generated = 
  arg0: 2507519


timestamp = 2023-10-12T18:52:23.310791500, generated = 
  arg0: -963215


timestamp = 2023-10-12T18:52:23.311794, generated = 
  arg0: 17


timestamp = 2023-10-12T18:52:23.311794, generated = 
  arg0: 13903


timestamp = 2023-10-12T18:52:23.312796500, generated = 
  arg0: 5527720


timestamp = 2023-10-12T18:52:23.313795800, generated = 
  arg0: 900637


timestamp = 2023-10-12T18:52:23.314791800, generated = 
  arg0: -36269


timestamp = 2023-10-12T18:52:23.315798200, generated = 
  arg0: 5131


timestamp = 2023-10-12T18:52:23.316793400, generated = 
  arg0: 251308


timestamp = 2023-10-12T18:52:23.317791200, generated = 
  arg0: -2147483648


timestamp = 2023-10-12T18:52:23.317791200, generated = 
  arg0: 1713


timestamp = 2023-10-12T18:52:23.318794200, generated = 
  arg0: -601


timestamp = 2023-10-12T18:52:23.319793900, generated = 
  arg0: -92461


timestamp = 2023-10-12T18:52:23.320792800, generated = 
  arg0: 12548


timestamp = 2023-10-12T18:52:23.320792800, generated = 
  arg0: -109


timestamp = 2023-10-12T18:52:23.321796100, generated = 
  arg0: -3732424


timestamp = 2023-10-12T18:52:23.322792100, generated = 
  arg0: -51068


timestamp = 2023-10-12T18:52:23.323798900, generated = 
  arg0: 426348881


timestamp = 2023-10-12T18:52:23.324796, generated = 
  arg0: -17


timestamp = 2023-10-12T18:52:23.325796500, generated = 
  arg0: 2147483647


timestamp = 2023-10-12T18:52:29.223925800, generated = 
  arg0: -2056048039


timestamp = 2023-10-12T18:52:29.223925800, generated = 
  arg0: 44


timestamp = 2023-10-12T18:52:29.224926100, generated = 
  arg0: -5061130


timestamp = 2023-10-12T18:52:29.224926100, generated = 
  arg0: 47153


timestamp = 2023-10-12T18:52:29.225930600, generated = 
  arg0: 140284


timestamp = 2023-10-12T18:52:29.225930600, generated = 
  arg0: 7391


timestamp = 2023-10-12T18:52:29.226931100, generated = 
  arg0: -118785


timestamp = 2023-10-12T18:52:29.226931100, generated = 
  arg0: -979


timestamp = 2023-10-12T18:52:29.227929600, generated = 
  arg0: 1343


timestamp = 2023-10-12T18:52:29.227929600, generated = 
  arg0: 14


timestamp = 2023-10-12T18:52:29.228929700, generated = 
  arg0: 1


timestamp = 2023-10-12T18:52:29.229929300, generated = 
  arg0: -4123


timestamp = 2023-10-12T18:52:29.229929300, generated = 
  arg0: 711


timestamp = 2023-10-12T18:52:29.230928900, generated = 
  arg0: -472


timestamp = 2023-10-12T18:52:29.230928900, generated = 
  arg0: 228687367


timestamp = 2023-10-12T18:52:29.231929100, generated = 
  arg0: 25


timestamp = 2023-10-12T18:52:29.231929100, generated = 
  arg0: -5317826


timestamp = 2023-10-12T18:52:29.232928100, generated = 
  arg0: -1299


timestamp = 2023-10-12T18:52:29.233928500, generated = 
  arg0: -106


timestamp = 2023-10-12T18:52:29.233928500, generated = 
  arg0: 6


timestamp = 2023-10-12T18:52:29.233928500, generated = 
  arg0: -52


timestamp = 2023-10-12T18:52:29.234930, generated = 
  arg0: 185


timestamp = 2023-10-12T18:52:29.234930, generated = 
  arg0: -157802


timestamp = 2023-10-12T18:52:29.235930600, generated = 
  arg0: -144673


timestamp = 2023-10-12T18:52:29.235930600, generated = 
  arg0: 68085


timestamp = 2023-10-12T18:52:29.236931900, generated = 
  arg0: 5389403


timestamp = 2023-10-12T18:52:29.236931900, generated = 
  arg0: -131


timestamp = 2023-10-12T18:52:29.236931900, generated = 
  arg0: 3


timestamp = 2023-10-12T18:52:29.237933800, generated = 
  arg0: 72


timestamp = 2023-10-12T18:52:29.238932200, generated = 
  arg0: 118045


timestamp = 2023-10-12T18:52:29.238932200, generated = 
  arg0: 449


timestamp = 2023-10-12T18:52:29.239930300, generated = 
  arg0: 56049


timestamp = 2023-10-12T18:52:29.239930300, generated = 
  arg0: 132775


timestamp = 2023-10-12T18:52:29.240933700, generated = 
  arg0: -219


timestamp = 2023-10-12T18:52:29.240933700, generated = 
  arg0: -316


timestamp = 2023-10-12T18:52:29.240933700, generated = 
  arg0: 125


timestamp = 2023-10-12T18:52:29.241932900, generated = 
  arg0: -91


timestamp = 2023-10-12T18:52:29.241932900, generated = 
  arg0: -1260121972


timestamp = 2023-10-12T18:52:29.241932900, generated = 
  arg0: -3697


timestamp = 2023-10-12T18:52:29.241932900, generated = 
  arg0: -200424


timestamp = 2023-10-12T18:52:29.242932700, generated = 
  arg0: 30324


timestamp = 2023-10-12T18:52:29.242932700, generated = 
  arg0: -204


timestamp = 2023-10-12T18:52:29.242932700, generated = 
  arg0: -257115110


timestamp = 2023-10-12T18:52:29.243931200, generated = 
  arg0: -9


timestamp = 2023-10-12T18:52:29.243931200, generated = 
  arg0: 1146


timestamp = 2023-10-12T18:52:29.243931200, generated = 
  arg0: 6001


timestamp = 2023-10-12T18:52:29.244933700, generated = 
  arg0: -76


timestamp = 2023-10-12T18:52:29.244933700, generated = 
  arg0: 0


timestamp = 2023-10-12T18:52:29.245934500, generated = 
  arg0: 2330


timestamp = 2023-10-12T18:52:29.245934500, generated = 
  arg0: -89044


timestamp = 2023-10-12T18:52:29.245934500, generated = 
  arg0: 45


timestamp = 2023-10-12T18:52:29.246931100, generated = 
  arg0: -1045


timestamp = 2023-10-12T18:52:29.246931100, generated = 
  arg0: -21


timestamp = 2023-10-12T18:52:29.246931100, generated = 
  arg0: 19033


timestamp = 2023-10-12T18:52:29.246931100, generated = 
  arg0: -5


timestamp = 2023-10-12T18:52:29.247932200, generated = 
  arg0: 7


timestamp = 2023-10-12T18:52:29.247932200, generated = 
  arg0: 452086


timestamp = 2023-10-12T18:52:29.247932200, generated = 
  arg0: -271323


timestamp = 2023-10-12T18:52:29.247932200, generated = 
  arg0: -703245


timestamp = 2023-10-12T18:52:29.249441100, generated = 
  arg0: 856592


timestamp = 2023-10-12T18:52:29.249441100, generated = 
  arg0: -193


timestamp = 2023-10-12T18:52:29.250444300, generated = 
  arg0: 108


timestamp = 2023-10-12T18:52:29.251445, generated = 
  arg0: -1592


timestamp = 2023-10-12T18:52:29.251445, generated = 
  arg0: -42757


timestamp = 2023-10-12T18:52:29.252446300, generated = 
  arg0: -760088


timestamp = 2023-10-12T18:52:29.252446300, generated = 
  arg0: -519


timestamp = 2023-10-12T18:52:29.252446300, generated = 
  arg0: -1064


timestamp = 2023-10-12T18:52:29.253447800, generated = 
  arg0: -4861453


timestamp = 2023-10-12T18:52:29.253447800, generated = 
  arg0: 34635


timestamp = 2023-10-12T18:52:29.253447800, generated = 
  arg0: 44494


timestamp = 2023-10-12T18:52:29.254446700, generated = 
  arg0: -111


timestamp = 2023-10-12T18:52:29.254446700, generated = 
  arg0: 69


timestamp = 2023-10-12T18:52:29.255444700, generated = 
  arg0: -12


timestamp = 2023-10-12T18:52:29.255444700, generated = 
  arg0: 155016


timestamp = 2023-10-12T18:52:29.256447200, generated = 
  arg0: -1196


timestamp = 2023-10-12T18:52:29.256447200, generated = 
  arg0: 1175


timestamp = 2023-10-12T18:52:29.257451, generated = 
  arg0: -2


timestamp = 2023-10-12T18:52:29.257451, generated = 
  arg0: -3440


timestamp = 2023-10-12T18:52:29.258447200, generated = 
  arg0: -4614097


timestamp = 2023-10-12T18:52:29.258447200, generated = 
  arg0: 49


timestamp = 2023-10-12T18:52:29.258447200, generated = 
  arg0: 5091771


timestamp = 2023-10-12T18:52:29.258447200, generated = 
  arg0: -620


timestamp = 2023-10-12T18:52:29.258447200, generated = 
  arg0: -23


timestamp = 2023-10-12T18:52:29.259447500, generated = 
  arg0: 9


timestamp = 2023-10-12T18:52:29.259447500, generated = 
  arg0: -22865


timestamp = 2023-10-12T18:52:29.259447500, generated = 
  arg0: 51413


timestamp = 2023-10-12T18:52:29.260445700, generated = 
  arg0: -17194


timestamp = 2023-10-12T18:52:29.260445700, generated = 
  arg0: 7604


timestamp = 2023-10-12T18:52:29.260445700, generated = 
  arg0: 151


timestamp = 2023-10-12T18:52:29.261445900, generated = 
  arg0: -9


timestamp = 2023-10-12T18:52:29.261445900, generated = 
  arg0: -494346


timestamp = 2023-10-12T18:52:29.262450, generated = 
  arg0: 4


timestamp = 2023-10-12T18:52:29.262450, generated = 
  arg0: 910


timestamp = 2023-10-12T18:52:29.263447200, generated = 
  arg0: 510


timestamp = 2023-10-12T18:52:29.263447200, generated = 
  arg0: 2147483647


timestamp = 2023-10-12T18:52:35.123804900, generated = 
  arg0: -18461


timestamp = 2023-10-12T18:52:35.124317700, generated = 
  arg0: -2147483647


timestamp = 2023-10-12T18:52:35.124317700, generated = 
  arg0: -2003


timestamp = 2023-10-12T18:52:35.125325200, generated = 
  arg0: 648


timestamp = 2023-10-12T18:52:35.125325200, generated = 
  arg0: 1938


timestamp = 2023-10-12T18:52:35.125325200, generated = 
  arg0: 2147483647


timestamp = 2023-10-12T18:52:40.949254200, generated = 
  arg0: 411


timestamp = 2023-10-12T18:52:40.950263600, generated = 
  arg0: -3184


timestamp = 2023-10-12T18:52:40.950263600, generated = 
  arg0: 6


timestamp = 2023-10-12T18:52:40.951259400, generated = 
  arg0: 4731755


timestamp = 2023-10-12T18:52:40.952776200, generated = 
  arg0: -5489861


timestamp = 2023-10-12T18:52:40.952776200, generated = 
  arg0: 1


timestamp = 2023-10-12T18:52:40.953788800, generated = 
  arg0: -172


timestamp = 2023-10-12T18:52:40.954783800, generated = 
  arg0: -458


timestamp = 2023-10-12T18:52:40.955786100, generated = 
  arg0: -26


timestamp = 2023-10-12T18:52:40.956781400, generated = 
  arg0: -458335500


timestamp = 2023-10-12T18:52:40.956781400, generated = 
  arg0: -1379


timestamp = 2023-10-12T18:52:40.957781400, generated = 
  arg0: -2


timestamp = 2023-10-12T18:52:40.957781400, generated = 
  arg0: -206


timestamp = 2023-10-12T18:52:40.958781300, generated = 
  arg0: -4217


timestamp = 2023-10-12T18:52:40.958781300, generated = 
  arg0: 304


timestamp = 2023-10-12T18:52:40.959783300, generated = 
  arg0: -9


timestamp = 2023-10-12T18:52:40.959783300, generated = 
  arg0: -18944


timestamp = 2023-10-12T18:52:40.960783600, generated = 
  arg0: -3699


timestamp = 2023-10-12T18:52:40.961782300, generated = 
  arg0: 76633


timestamp = 2023-10-12T18:52:40.962782800, generated = 
  arg0: 8425


timestamp = 2023-10-12T18:52:40.962782800, generated = 
  arg0: -1


timestamp = 2023-10-12T18:52:40.963780100, generated = 
  arg0: -974959


timestamp = 2023-10-12T18:52:40.963780100, generated = 
  arg0: -1641


timestamp = 2023-10-12T18:52:40.964780200, generated = 
  arg0: -25


timestamp = 2023-10-12T18:52:40.965781900, generated = 
  arg0: -1577


timestamp = 2023-10-12T18:52:40.965781900, generated = 
  arg0: -24691


timestamp = 2023-10-12T18:52:40.966780600, generated = 
  arg0: 5290


timestamp = 2023-10-12T18:52:40.966780600, generated = 
  arg0: 16547


timestamp = 2023-10-12T18:52:40.967780800, generated = 
  arg0: -10


timestamp = 2023-10-12T18:52:40.967780800, generated = 
  arg0: -935162


timestamp = 2023-10-12T18:52:40.968784, generated = 
  arg0: 5


timestamp = 2023-10-12T18:52:40.969789900, generated = 
  arg0: -221


timestamp = 2023-10-12T18:52:40.970782, generated = 
  arg0: -4


timestamp = 2023-10-12T18:52:40.970782, generated = 
  arg0: -58284


timestamp = 2023-10-12T18:52:40.971781300, generated = 
  arg0: -7421


timestamp = 2023-10-12T18:52:40.972783700, generated = 
  arg0: -33


timestamp = 2023-10-12T18:52:40.973782300, generated = 
  arg0: 2828


timestamp = 2023-10-12T18:52:40.973782300, generated = 
  arg0: -23401


timestamp = 2023-10-12T18:52:40.974791300, generated = 
  arg0: -2056693844


timestamp = 2023-10-12T18:52:40.974791300, generated = 
  arg0: 348


timestamp = 2023-10-12T18:52:40.975781500, generated = 
  arg0: 4209722


timestamp = 2023-10-12T18:52:40.976782700, generated = 
  arg0: 16311


timestamp = 2023-10-12T18:52:40.976782700, generated = 
  arg0: -7


timestamp = 2023-10-12T18:52:40.977783900, generated = 
  arg0: 907977512


timestamp = 2023-10-12T18:52:40.977783900, generated = 
  arg0: -9430


timestamp = 2023-10-12T18:52:40.978783600, generated = 
  arg0: -1854


timestamp = 2023-10-12T18:52:40.978783600, generated = 
  arg0: -338613


timestamp = 2023-10-12T18:52:40.979782800, generated = 
  arg0: -22188


timestamp = 2023-10-12T18:52:40.980781600, generated = 
  arg0: 37776


timestamp = 2023-10-12T18:52:40.981782100, generated = 
  arg0: -129179


timestamp = 2023-10-12T18:52:40.981782100, generated = 
  arg0: 18


timestamp = 2023-10-12T18:52:40.982784800, generated = 
  arg0: -34


timestamp = 2023-10-12T18:52:40.983781200, generated = 
  arg0: 30594


timestamp = 2023-10-12T18:52:40.983781200, generated = 
  arg0: 13


timestamp = 2023-10-12T18:52:40.984785, generated = 
  arg0: -19336


timestamp = 2023-10-12T18:52:40.985783900, generated = 
  arg0: 58


timestamp = 2023-10-12T18:52:40.986782600, generated = 
  arg0: 455


timestamp = 2023-10-12T18:52:40.986782600, generated = 
  arg0: 2


timestamp = 2023-10-12T18:52:40.987784100, generated = 
  arg0: 12


timestamp = 2023-10-12T18:52:40.988782800, generated = 
  arg0: 110


timestamp = 2023-10-12T18:52:40.989786500, generated = 
  arg0: 740


timestamp = 2023-10-12T18:52:40.990785300, generated = 
  arg0: -122998


timestamp = 2023-10-12T18:52:40.990785300, generated = 
  arg0: 1


timestamp = 2023-10-12T18:52:40.991784400, generated = 
  arg0: -3238069


timestamp = 2023-10-12T18:52:40.991784400, generated = 
  arg0: -62


timestamp = 2023-10-12T18:52:40.992782400, generated = 
  arg0: 12576


timestamp = 2023-10-12T18:52:40.992782400, generated = 
  arg0: 499853525


timestamp = 2023-10-12T18:52:40.993782500, generated = 
  arg0: -1442929351


timestamp = 2023-10-12T18:52:40.993782500, generated = 
  arg0: -10930


timestamp = 2023-10-12T18:52:40.993782500, generated = 
  arg0: 10418


timestamp = 2023-10-12T18:52:40.994783600, generated = 
  arg0: -187


timestamp = 2023-10-12T18:52:40.994783600, generated = 
  arg0: 183258


timestamp = 2023-10-12T18:52:40.995783600, generated = 
  arg0: 113


timestamp = 2023-10-12T18:52:40.995783600, generated = 
  arg0: -8970


timestamp = 2023-10-12T18:52:40.996783500, generated = 
  arg0: -6396


timestamp = 2023-10-12T18:52:40.997783900, generated = 
  arg0: -879091


timestamp = 2023-10-12T18:52:40.997783900, generated = 
  arg0: 40


timestamp = 2023-10-12T18:52:40.997783900, generated = 
  arg0: -1312899


timestamp = 2023-10-12T18:52:40.998783100, generated = 
  arg0: -489


timestamp = 2023-10-12T18:52:40.998783100, generated = 
  arg0: -37


timestamp = 2023-10-12T18:52:40.999786500, generated = 
  arg0: -6113


timestamp = 2023-10-12T18:52:41.000785900, generated = 
  arg0: 36354


timestamp = 2023-10-12T18:52:41.000785900, generated = 
  arg0: 48011


timestamp = 2023-10-12T18:52:41.000785900, generated = 
  arg0: 2917


timestamp = 2023-10-12T18:52:41.001784500, generated = 
  arg0: 81


timestamp = 2023-10-12T18:52:41.001784500, generated = 
  arg0: -133674


timestamp = 2023-10-12T18:52:41.002783300, generated = 
  arg0: 16


timestamp = 2023-10-12T18:52:41.002783300, generated = 
  arg0: 3


timestamp = 2023-10-12T18:52:41.003784300, generated = 
  arg0: -6931


timestamp = 2023-10-12T18:52:41.003784300, generated = 
  arg0: -1


timestamp = 2023-10-12T18:52:41.004784500, generated = 
  arg0: 78


timestamp = 2023-10-12T18:52:41.004784500, generated = 
  arg0: -47


timestamp = 2023-10-12T18:52:41.005784700, generated = 
  arg0: -14


timestamp = 2023-10-12T18:52:41.005784700, generated = 
  arg0: 5326208


timestamp = 2023-10-12T18:52:41.005784700, generated = 
  arg0: 296


timestamp = 2023-10-12T18:52:41.006786700, generated = 
  arg0: -1761


timestamp = 2023-10-12T18:52:41.006786700, generated = 
  arg0: -3445


timestamp = 2023-10-12T18:52:41.007785700, generated = 
  arg0: -637


timestamp = 2023-10-12T18:52:41.007785700, generated = 
  arg0: 11746


timestamp = 2023-10-12T18:52:41.007785700, generated = 
  arg0: 11163


timestamp = 2023-10-12T18:52:41.008786900, generated = 
  arg0: -1667


timestamp = 2023-10-12T18:52:41.008786900, generated = 
  arg0: 1170


timestamp = 2023-10-12T18:52:41.008786900, generated = 
  arg0: -1817951135


timestamp = 2023-10-12T18:52:41.009784400, generated = 
  arg0: -109


timestamp = 2023-10-12T18:52:41.009784400, generated = 
  arg0: 962605


timestamp = 2023-10-12T18:52:41.009784400, generated = 
  arg0: 217


timestamp = 2023-10-12T18:52:41.010783, generated = 
  arg0: 911093937


timestamp = 2023-10-12T18:52:41.010783, generated = 
  arg0: 53629


timestamp = 2023-10-12T18:52:41.011783500, generated = 
  arg0: -4288098


timestamp = 2023-10-12T18:52:41.011783500, generated = 
  arg0: -1


timestamp = 2023-10-12T18:52:41.011783500, generated = 
  arg0: 150138


timestamp = 2023-10-12T18:52:41.011783500, generated = 
  arg0: -26756


timestamp = 2023-10-12T18:52:41.012785800, generated = 
  arg0: -38656


timestamp = 2023-10-12T18:52:41.013786500, generated = 
  arg0: 255333


timestamp = 2023-10-12T18:52:41.013786500, generated = 
  arg0: -5912


timestamp = 2023-10-12T18:52:41.014786100, generated = 
  arg0: -167


timestamp = 2023-10-12T18:52:41.014786100, generated = 
  arg0: -1


timestamp = 2023-10-12T18:52:41.014786100, generated = 
  arg0: 30


timestamp = 2023-10-12T18:52:41.015785900, generated = 
  arg0: 73


timestamp = 2023-10-12T18:52:41.015785900, generated = 
  arg0: 3


timestamp = 2023-10-12T18:52:41.016786600, generated = 
  arg0: -1876674864


timestamp = 2023-10-12T18:52:41.017786, generated = 
  arg0: 2932269


timestamp = 2023-10-12T18:52:41.017786, generated = 
  arg0: -2280663


timestamp = 2023-10-12T18:52:41.018786900, generated = 
  arg0: 114380


timestamp = 2023-10-12T18:52:41.019783900, generated = 
  arg0: 75334


timestamp = 2023-10-12T18:52:41.020783900, generated = 
  arg0: -6


timestamp = 2023-10-12T18:52:41.020783900, generated = 
  arg0: -184


timestamp = 2023-10-12T18:52:41.021784900, generated = 
  arg0: 6786


timestamp = 2023-10-12T18:52:41.021784900, generated = 
  arg0: 725


timestamp = 2023-10-12T18:52:41.022785700, generated = 
  arg0: -181


timestamp = 2023-10-12T18:52:41.022785700, generated = 
  arg0: -919000


timestamp = 2023-10-12T18:52:41.023784600, generated = 
  arg0: 317


timestamp = 2023-10-12T18:52:41.023784600, generated = 
  arg0: 41


timestamp = 2023-10-12T18:52:41.024784500, generated = 
  arg0: -4887


timestamp = 2023-10-12T18:52:41.024784500, generated = 
  arg0: 4


timestamp = 2023-10-12T18:52:41.024784500, generated = 
  arg0: 209637


timestamp = 2023-10-12T18:52:41.025785100, generated = 
  arg0: 5627425


timestamp = 2023-10-12T18:52:41.025785100, generated = 
  arg0: 1


timestamp = 2023-10-12T18:52:41.026784900, generated = 
  arg0: 2147483646


timestamp = 2023-10-12T18:52:41.030786600, generated = 
  arg0: 5061


timestamp = 2023-10-12T18:52:41.031785, generated = 
  arg0: -23


timestamp = 2023-10-12T18:52:41.031785, generated = 
  arg0: -1042


timestamp = 2023-10-12T18:52:41.032785400, generated = 
  arg0: 123


timestamp = 2023-10-12T18:52:41.032785400, generated = 
  arg0: -5311


timestamp = 2023-10-12T18:52:41.033785700, generated = 
  arg0: -504179773


timestamp = 2023-10-12T18:52:41.033785700, generated = 
  arg0: -1992


timestamp = 2023-10-12T18:52:41.034784500, generated = 
  arg0: -80795


timestamp = 2023-10-12T18:52:41.034784500, generated = 
  arg0: -63


timestamp = 2023-10-12T18:52:41.034784500, generated = 
  arg0: 673


timestamp = 2023-10-12T18:52:41.035787200, generated = 
  arg0: 1451155450


timestamp = 2023-10-12T18:52:41.035787200, generated = 
  arg0: -37


timestamp = 2023-10-12T18:52:41.036786400, generated = 
  arg0: 1254078434


timestamp = 2023-10-12T18:52:41.036786400, generated = 
  arg0: 884448


timestamp = 2023-10-12T18:52:41.037786700, generated = 
  arg0: -556


timestamp = 2023-10-12T18:52:41.037786700, generated = 
  arg0: -5240876


timestamp = 2023-10-12T18:52:41.037786700, generated = 
  arg0: -2028063


timestamp = 2023-10-12T18:52:41.038788400, generated = 
  arg0: 33


timestamp = 2023-10-12T18:52:41.038788400, generated = 
  arg0: 22


timestamp = 2023-10-12T18:52:41.039791300, generated = 
  arg0: -402


timestamp = 2023-10-12T18:52:41.039791300, generated = 
  arg0: 62


timestamp = 2023-10-12T18:52:41.039791300, generated = 
  arg0: 17437


timestamp = 2023-10-12T18:52:41.040789100, generated = 
  arg0: -121122


timestamp = 2023-10-12T18:52:41.040789100, generated = 
  arg0: -1528346524


timestamp = 2023-10-12T18:52:41.040789100, generated = 
  arg0: 4353


timestamp = 2023-10-12T18:52:41.040789100, generated = 
  arg0: -22


timestamp = 2023-10-12T18:52:41.041787900, generated = 
  arg0: 0


timestamp = 2023-10-12T18:52:41.041787900, generated = 
  arg0: -3


timestamp = 2023-10-12T18:52:41.041787900, generated = 
  arg0: 2147483647


timestamp = 2023-10-12T18:52:46.730435800, generated = 
  arg0: 1968


timestamp = 2023-10-12T18:52:46.730435800, generated = 
  arg0: -143


timestamp = 2023-10-12T18:52:46.731437100, generated = 
  arg0: -47166


timestamp = 2023-10-12T18:52:46.731437100, generated = 
  arg0: 22


timestamp = 2023-10-12T18:52:46.731437100, generated = 
  arg0: 4283


timestamp = 2023-10-12T18:52:46.732438600, generated = 
  arg0: -1352


timestamp = 2023-10-12T18:52:46.733440100, generated = 
  arg0: 2147483647


timestamp = 2023-10-12T18:52:52.403236300, generated = 
  arg0: 61856


timestamp = 2023-10-12T18:52:52.403236300, generated = 
  arg0: 1426129986


timestamp = 2023-10-12T18:52:52.404241500, generated = 
  arg0: -17656


timestamp = 2023-10-12T18:52:52.404241500, generated = 
  arg0: -440


timestamp = 2023-10-12T18:52:52.404241500, generated = 
  arg0: -119973340


timestamp = 2023-10-12T18:52:52.405240200, generated = 
  arg0: 2147483647


timestamp = 2023-10-12T18:52:58.040955500, generated = 
  arg0: 315


timestamp = 2023-10-12T18:52:58.041953600, generated = 
  arg0: -751


timestamp = 2023-10-12T18:52:58.041953600, generated = 
  arg0: 5861


timestamp = 2023-10-12T18:52:58.041953600, generated = 
  arg0: 1099


timestamp = 2023-10-12T18:52:58.042955300, generated = 
  arg0: -3455222


timestamp = 2023-10-12T18:52:58.042955300, generated = 
  arg0: 54


timestamp = 2023-10-12T18:52:58.042955300, generated = 
  arg0: -728923


timestamp = 2023-10-12T18:52:58.043955800, generated = 
  arg0: 25


timestamp = 2023-10-12T18:52:58.043955800, generated = 
  arg0: -1809398


timestamp = 2023-10-12T18:52:58.043955800, generated = 
  arg0: -12940


timestamp = 2023-10-12T18:52:58.044956500, generated = 
  arg0: 15


timestamp = 2023-10-12T18:52:58.044956500, generated = 
  arg0: 192296714


timestamp = 2023-10-12T18:52:58.045954400, generated = 
  arg0: -33


timestamp = 2023-10-12T18:52:58.045954400, generated = 
  arg0: -251


timestamp = 2023-10-12T18:52:58.045954400, generated = 
  arg0: -2147483648


timestamp = 2023-10-12T18:52:58.046956400, generated = 
  arg0: 162636


timestamp = 2023-10-12T18:52:58.046956400, generated = 
  arg0: 1571


timestamp = 2023-10-12T18:52:58.047957, generated = 
  arg0: -106240


timestamp = 2023-10-12T18:52:58.047957, generated = 
  arg0: 320


timestamp = 2023-10-12T18:52:58.047957, generated = 
  arg0: -2090563222


timestamp = 2023-10-12T18:52:58.048955300, generated = 
  arg0: -134521


timestamp = 2023-10-12T18:52:58.048955300, generated = 
  arg0: 296


timestamp = 2023-10-12T18:52:58.048955300, generated = 
  arg0: 30614


timestamp = 2023-10-12T18:52:58.049956500, generated = 
  arg0: -7


timestamp = 2023-10-12T18:52:58.049956500, generated = 
  arg0: 428


timestamp = 2023-10-12T18:52:58.049956500, generated = 
  arg0: -46608


timestamp = 2023-10-12T18:52:58.050954500, generated = 
  arg0: 15135


timestamp = 2023-10-12T18:52:58.050954500, generated = 
  arg0: -4721313


timestamp = 2023-10-12T18:52:58.050954500, generated = 
  arg0: 618


timestamp = 2023-10-12T18:52:58.051954500, generated = 
  arg0: -8418


timestamp = 2023-10-12T18:52:58.051954500, generated = 
  arg0: 13547


timestamp = 2023-10-12T18:52:58.051954500, generated = 
  arg0: -9181


timestamp = 2023-10-12T18:52:58.051954500, generated = 
  arg0: -6874


timestamp = 2023-10-12T18:52:58.052955800, generated = 
  arg0: -889688633


timestamp = 2023-10-12T18:52:58.052955800, generated = 
  arg0: -101


timestamp = 2023-10-12T18:52:58.053954800, generated = 
  arg0: -21


timestamp = 2023-10-12T18:52:58.053954800, generated = 
  arg0: 640553


timestamp = 2023-10-12T18:52:58.053954800, generated = 
  arg0: 98769


timestamp = 2023-10-12T18:52:58.053954800, generated = 
  arg0: -887815926


timestamp = 2023-10-12T18:52:58.054954900, generated = 
  arg0: -1419563


timestamp = 2023-10-12T18:52:58.054954900, generated = 
  arg0: -2


timestamp = 2023-10-12T18:52:58.054954900, generated = 
  arg0: -1808201682


timestamp = 2023-10-12T18:52:58.055955300, generated = 
  arg0: -4013871


timestamp = 2023-10-12T18:52:58.055955300, generated = 
  arg0: 1


timestamp = 2023-10-12T18:52:58.055955300, generated = 
  arg0: -165


timestamp = 2023-10-12T18:52:58.055955300, generated = 
  arg0: -3


timestamp = 2023-10-12T18:52:58.056955700, generated = 
  arg0: 1289930239


timestamp = 2023-10-12T18:52:58.056955700, generated = 
  arg0: -3687


timestamp = 2023-10-12T18:52:58.058072400, generated = 
  arg0: 63726


timestamp = 2023-10-12T18:52:58.058072400, generated = 
  arg0: -9887


timestamp = 2023-10-12T18:52:58.058072400, generated = 
  arg0: -49


timestamp = 2023-10-12T18:52:58.058072400, generated = 
  arg0: 11


timestamp = 2023-10-12T18:52:58.059073, generated = 
  arg0: -2


timestamp = 2023-10-12T18:52:58.059073, generated = 
  arg0: 724326


timestamp = 2023-10-12T18:52:58.059073, generated = 
  arg0: -150913


timestamp = 2023-10-12T18:52:58.059073, generated = 
  arg0: -610


timestamp = 2023-10-12T18:52:58.059073, generated = 
  arg0: -15391


timestamp = 2023-10-12T18:52:58.060072300, generated = 
  arg0: -621


timestamp = 2023-10-12T18:52:58.060072300, generated = 
  arg0: 102


timestamp = 2023-10-12T18:52:58.060072300, generated = 
  arg0: 53633


timestamp = 2023-10-12T18:52:58.061074800, generated = 
  arg0: 69


timestamp = 2023-10-12T18:52:58.061074800, generated = 
  arg0: -41


timestamp = 2023-10-12T18:52:58.061074800, generated = 
  arg0: 4314026


timestamp = 2023-10-12T18:52:58.062074800, generated = 
  arg0: 0


timestamp = 2023-10-12T18:52:58.062074800, generated = 
  arg0: -2072780


timestamp = 2023-10-12T18:52:58.062074800, generated = 
  arg0: -27168


timestamp = 2023-10-12T18:52:58.062074800, generated = 
  arg0: 3904040


timestamp = 2023-10-12T18:52:58.063072600, generated = 
  arg0: 346


timestamp = 2023-10-12T18:52:58.063072600, generated = 
  arg0: 111003


timestamp = 2023-10-12T18:52:58.063072600, generated = 
  arg0: 8894


timestamp = 2023-10-12T18:52:58.063072600, generated = 
  arg0: -161


timestamp = 2023-10-12T18:52:58.064072200, generated = 
  arg0: 488


timestamp = 2023-10-12T18:52:58.064072200, generated = 
  arg0: 2


timestamp = 2023-10-12T18:52:58.064072200, generated = 
  arg0: 3


timestamp = 2023-10-12T18:52:58.064072200, generated = 
  arg0: 528


timestamp = 2023-10-12T18:52:58.065073800, generated = 
  arg0: 13


timestamp = 2023-10-12T18:52:58.065073800, generated = 
  arg0: -21


timestamp = 2023-10-12T18:52:58.065073800, generated = 
  arg0: 1241673102


timestamp = 2023-10-12T18:52:58.065073800, generated = 
  arg0: 16


timestamp = 2023-10-12T18:52:58.066072, generated = 
  arg0: -10028503


timestamp = 2023-10-12T18:52:58.066072, generated = 
  arg0: 3526586


timestamp = 2023-10-12T18:52:58.066072, generated = 
  arg0: 112397


timestamp = 2023-10-12T18:52:58.066072, generated = 
  arg0: 967994


timestamp = 2023-10-12T18:52:58.066072, generated = 
  arg0: -1


timestamp = 2023-10-12T18:52:58.066072, generated = 
  arg0: 1837248377


timestamp = 2023-10-12T18:52:58.066072, generated = 
  arg0: 11035


timestamp = 2023-10-12T18:52:58.067072200, generated = 
  arg0: 545422


timestamp = 2023-10-12T18:52:58.067072200, generated = 
  arg0: 8614


timestamp = 2023-10-12T18:52:58.067072200, generated = 
  arg0: 98688


timestamp = 2023-10-12T18:52:58.067072200, generated = 
  arg0: 3


timestamp = 2023-10-12T18:52:58.067072200, generated = 
  arg0: -4698


timestamp = 2023-10-12T18:52:58.067072200, generated = 
  arg0: 49


timestamp = 2023-10-12T18:52:58.068072700, generated = 
  arg0: 709177629


timestamp = 2023-10-12T18:52:58.068072700, generated = 
  arg0: 8345


timestamp = 2023-10-12T18:52:58.068072700, generated = 
  arg0: 2457


timestamp = 2023-10-12T18:52:58.068072700, generated = 
  arg0: -99


timestamp = 2023-10-12T18:52:58.069074400, generated = 
  arg0: -1495


timestamp = 2023-10-12T18:52:58.069074400, generated = 
  arg0: 979317


timestamp = 2023-10-12T18:52:58.070073800, generated = 
  arg0: 3809


timestamp = 2023-10-12T18:52:58.070073800, generated = 
  arg0: -118


timestamp = 2023-10-12T18:52:58.070073800, generated = 
  arg0: -1566


timestamp = 2023-10-12T18:52:58.071073700, generated = 
  arg0: -485157


timestamp = 2023-10-12T18:52:58.071073700, generated = 
  arg0: -298512


timestamp = 2023-10-12T18:52:58.071073700, generated = 
  arg0: -127628


timestamp = 2023-10-12T18:52:58.072073100, generated = 
  arg0: 184


timestamp = 2023-10-12T18:52:58.072073100, generated = 
  arg0: -1


timestamp = 2023-10-12T18:52:58.072073100, generated = 
  arg0: 2147483646


timestamp = 2023-10-12T18:52:58.073073200, generated = 
  arg0: 5338


timestamp = 2023-10-12T18:52:58.073073200, generated = 
  arg0: 82897


timestamp = 2023-10-12T18:52:58.073073200, generated = 
  arg0: 1


timestamp = 2023-10-12T18:52:58.073073200, generated = 
  arg0: -499


timestamp = 2023-10-12T18:52:58.074072500, generated = 
  arg0: 277


timestamp = 2023-10-12T18:52:58.074072500, generated = 
  arg0: 68


timestamp = 2023-10-12T18:52:58.074072500, generated = 
  arg0: 75


timestamp = 2023-10-12T18:52:58.074072500, generated = 
  arg0: 517


timestamp = 2023-10-12T18:52:58.075072600, generated = 
  arg0: 4669


timestamp = 2023-10-12T18:52:58.075072600, generated = 
  arg0: 115


timestamp = 2023-10-12T18:52:58.075072600, generated = 
  arg0: 5


timestamp = 2023-10-12T18:52:58.075072600, generated = 
  arg0: 390


timestamp = 2023-10-12T18:52:58.075072600, generated = 
  arg0: 2748711


timestamp = 2023-10-12T18:52:58.076073600, generated = 
  arg0: -132421


timestamp = 2023-10-12T18:52:58.076073600, generated = 
  arg0: 20


timestamp = 2023-10-12T18:52:58.077074, generated = 
  arg0: -19


timestamp = 2023-10-12T18:52:58.077074, generated = 
  arg0: 38413


timestamp = 2023-10-12T18:52:58.077074, generated = 
  arg0: 59525


timestamp = 2023-10-12T18:52:58.078073700, generated = 
  arg0: -294


timestamp = 2023-10-12T18:52:58.078073700, generated = 
  arg0: -972582


timestamp = 2023-10-12T18:52:58.078073700, generated = 
  arg0: 4


timestamp = 2023-10-12T18:52:58.079074200, generated = 
  arg0: -770456775


timestamp = 2023-10-12T18:52:58.079074200, generated = 
  arg0: -4003


timestamp = 2023-10-12T18:52:58.079074200, generated = 
  arg0: -2147483647


timestamp = 2023-10-12T18:52:58.079074200, generated = 
  arg0: -11052


timestamp = 2023-10-12T18:52:58.080074200, generated = 
  arg0: 24


timestamp = 2023-10-12T18:52:58.080074200, generated = 
  arg0: 5278452


timestamp = 2023-10-12T18:52:58.080074200, generated = 
  arg0: -5


timestamp = 2023-10-12T18:52:58.081074100, generated = 
  arg0: -5728


timestamp = 2023-10-12T18:52:58.081074100, generated = 
  arg0: -11605


timestamp = 2023-10-12T18:52:58.081074100, generated = 
  arg0: 7968


timestamp = 2023-10-12T18:52:58.082074100, generated = 
  arg0: 167


timestamp = 2023-10-12T18:52:58.082074100, generated = 
  arg0: 3523314


timestamp = 2023-10-12T18:52:58.082074100, generated = 
  arg0: 16


timestamp = 2023-10-12T18:52:58.083073600, generated = 
  arg0: 40


timestamp = 2023-10-12T18:52:58.083073600, generated = 
  arg0: 6828


timestamp = 2023-10-12T18:52:58.083073600, generated = 
  arg0: 1754831854


timestamp = 2023-10-12T18:52:58.083073600, generated = 
  arg0: 549707


timestamp = 2023-10-12T18:52:58.083073600, generated = 
  arg0: 44029


timestamp = 2023-10-12T18:52:58.083073600, generated = 
  arg0: 134331


timestamp = 2023-10-12T18:52:58.083073600, generated = 
  arg0: 602


timestamp = 2023-10-12T18:52:58.084074, generated = 
  arg0: -87


timestamp = 2023-10-12T18:52:58.084074, generated = 
  arg0: 2218180


timestamp = 2023-10-12T18:52:58.084074, generated = 
  arg0: 7


timestamp = 2023-10-12T18:52:58.084074, generated = 
  arg0: -18


timestamp = 2023-10-12T18:52:58.085073400, generated = 
  arg0: -11586


timestamp = 2023-10-12T18:52:58.085073400, generated = 
  arg0: -831761


timestamp = 2023-10-12T18:52:58.085073400, generated = 
  arg0: 4


timestamp = 2023-10-12T18:52:58.086075300, generated = 
  arg0: -485


timestamp = 2023-10-12T18:52:58.086075300, generated = 
  arg0: -10120


timestamp = 2023-10-12T18:52:58.086075300, generated = 
  arg0: 4


timestamp = 2023-10-12T18:52:58.086075300, generated = 
  arg0: 36


timestamp = 2023-10-12T18:52:58.086075300, generated = 
  arg0: 210


timestamp = 2023-10-12T18:52:58.087073600, generated = 
  arg0: 27


timestamp = 2023-10-12T18:52:58.087073600, generated = 
  arg0: 42


timestamp = 2023-10-12T18:52:58.087073600, generated = 
  arg0: -13


timestamp = 2023-10-12T18:52:58.088074100, generated = 
  arg0: -1454


timestamp = 2023-10-12T18:52:58.088074100, generated = 
  arg0: -607338


timestamp = 2023-10-12T18:52:58.088074100, generated = 
  arg0: 4789


timestamp = 2023-10-12T18:52:58.089073900, generated = 
  arg0: -20


timestamp = 2023-10-12T18:52:58.089073900, generated = 
  arg0: 2147483646


timestamp = 2023-10-12T18:52:58.089073900, generated = 
  arg0: 18


timestamp = 2023-10-12T18:52:58.089073900, generated = 
  arg0: 5133992


timestamp = 2023-10-12T18:52:58.090074200, generated = 
  arg0: 101


timestamp = 2023-10-12T18:52:58.090074200, generated = 
  arg0: 5297


timestamp = 2023-10-12T18:52:58.091076800, generated = 
  arg0: 665331


timestamp = 2023-10-12T18:52:58.091076800, generated = 
  arg0: 143


timestamp = 2023-10-12T18:52:58.091076800, generated = 
  arg0: -102778


timestamp = 2023-10-12T18:52:58.092074600, generated = 
  arg0: 2575292


timestamp = 2023-10-12T18:52:58.092074600, generated = 
  arg0: 2147483646


timestamp = 2023-10-12T18:52:58.092074600, generated = 
  arg0: 14421


timestamp = 2023-10-12T18:52:58.092074600, generated = 
  arg0: -12


timestamp = 2023-10-12T18:52:58.093075800, generated = 
  arg0: -1738050302


timestamp = 2023-10-12T18:52:58.093075800, generated = 
  arg0: -112


timestamp = 2023-10-12T18:52:58.094075800, generated = 
  arg0: 4


timestamp = 2023-10-12T18:52:58.094075800, generated = 
  arg0: -1


timestamp = 2023-10-12T18:52:58.094075800, generated = 
  arg0: -17739


timestamp = 2023-10-12T18:52:58.094075800, generated = 
  arg0: -1460


timestamp = 2023-10-12T18:52:58.095075500, generated = 
  arg0: -7613


timestamp = 2023-10-12T18:52:58.095075500, generated = 
  arg0: 242


timestamp = 2023-10-12T18:52:58.095075500, generated = 
  arg0: 793902


timestamp = 2023-10-12T18:52:58.095075500, generated = 
  arg0: 1415


timestamp = 2023-10-12T18:52:58.096074900, generated = 
  arg0: -123


timestamp = 2023-10-12T18:52:58.096074900, generated = 
  arg0: -135


timestamp = 2023-10-12T18:52:58.096074900, generated = 
  arg0: -156


timestamp = 2023-10-12T18:52:58.096074900, generated = 
  arg0: 761278


timestamp = 2023-10-12T18:52:58.096074900, generated = 
  arg0: -10516


timestamp = 2023-10-12T18:52:58.097074700, generated = 
  arg0: -1330


timestamp = 2023-10-12T18:52:58.097074700, generated = 
  arg0: -1149


timestamp = 2023-10-12T18:52:58.097074700, generated = 
  arg0: 435


timestamp = 2023-10-12T18:52:58.097074700, generated = 
  arg0: 1


timestamp = 2023-10-12T18:52:58.097074700, generated = 
  arg0: -4396733


timestamp = 2023-10-12T18:52:58.097074700, generated = 
  arg0: 5232


timestamp = 2023-10-12T18:52:58.097074700, generated = 
  arg0: 1542637990


timestamp = 2023-10-12T18:52:58.098074400, generated = 
  arg0: 2784106


timestamp = 2023-10-12T18:52:58.098074400, generated = 
  arg0: 11


timestamp = 2023-10-12T18:52:58.098074400, generated = 
  arg0: 149698


timestamp = 2023-10-12T18:52:58.098074400, generated = 
  arg0: -929266


timestamp = 2023-10-12T18:52:58.098074400, generated = 
  arg0: 4172860


timestamp = 2023-10-12T18:52:58.099075400, generated = 
  arg0: 18234


timestamp = 2023-10-12T18:52:58.099075400, generated = 
  arg0: -32382


timestamp = 2023-10-12T18:52:58.099075400, generated = 
  arg0: -919364


timestamp = 2023-10-12T18:52:58.099075400, generated = 
  arg0: 1338742695


timestamp = 2023-10-12T18:52:58.099075400, generated = 
  arg0: 18862


timestamp = 2023-10-12T18:52:58.100075500, generated = 
  arg0: 855742


timestamp = 2023-10-12T18:52:58.100075500, generated = 
  arg0: 24


timestamp = 2023-10-12T18:52:58.100075500, generated = 
  arg0: -20470


timestamp = 2023-10-12T18:52:58.100075500, generated = 
  arg0: 17785


timestamp = 2023-10-12T18:52:58.101075600, generated = 
  arg0: 4


timestamp = 2023-10-12T18:52:58.101075600, generated = 
  arg0: -558061


timestamp = 2023-10-12T18:52:58.101075600, generated = 
  arg0: -979


timestamp = 2023-10-12T18:52:58.102076100, generated = 
  arg0: 4


timestamp = 2023-10-12T18:52:58.102076100, generated = 
  arg0: 1


timestamp = 2023-10-12T18:52:58.102076100, generated = 
  arg0: -25


timestamp = 2023-10-12T18:52:58.102076100, generated = 
  arg0: -2147483648


timestamp = 2023-10-12T18:52:58.103076100, generated = 
  arg0: 1619


timestamp = 2023-10-12T18:52:58.103076100, generated = 
  arg0: -3060


timestamp = 2023-10-12T18:52:58.104075200, generated = 
  arg0: 5903


timestamp = 2023-10-12T18:52:58.104075200, generated = 
  arg0: -805493


timestamp = 2023-10-12T18:52:58.104075200, generated = 
  arg0: -17


timestamp = 2023-10-12T18:52:58.104075200, generated = 
  arg0: 1


timestamp = 2023-10-12T18:52:58.105075400, generated = 
  arg0: -8


timestamp = 2023-10-12T18:52:58.105075400, generated = 
  arg0: 789592


timestamp = 2023-10-12T18:52:58.105075400, generated = 
  arg0: 747948508


timestamp = 2023-10-12T18:52:58.105075400, generated = 
  arg0: -20


timestamp = 2023-10-12T18:52:58.106076100, generated = 
  arg0: -1888


timestamp = 2023-10-12T18:52:58.106076100, generated = 
  arg0: -1629


timestamp = 2023-10-12T18:52:58.106076100, generated = 
  arg0: 1164119121


timestamp = 2023-10-12T18:52:58.107075700, generated = 
  arg0: -20383


timestamp = 2023-10-12T18:52:58.107075700, generated = 
  arg0: -7185


timestamp = 2023-10-12T18:52:58.107075700, generated = 
  arg0: 0


timestamp = 2023-10-12T18:52:58.107075700, generated = 
  arg0: -139421


timestamp = 2023-10-12T18:52:58.107075700, generated = 
  arg0: -61


timestamp = 2023-10-12T18:52:58.108076300, generated = 
  arg0: 252


timestamp = 2023-10-12T18:52:58.108076300, generated = 
  arg0: 5295


timestamp = 2023-10-12T18:52:58.109076800, generated = 
  arg0: -40833


timestamp = 2023-10-12T18:52:58.109076800, generated = 
  arg0: -20516


timestamp = 2023-10-12T18:52:58.109076800, generated = 
  arg0: -939058


timestamp = 2023-10-12T18:52:58.110077100, generated = 
  arg0: -1431


timestamp = 2023-10-12T18:52:58.110077100, generated = 
  arg0: 285


timestamp = 2023-10-12T18:52:58.110077100, generated = 
  arg0: -17362


timestamp = 2023-10-12T18:52:58.110077100, generated = 
  arg0: 2


timestamp = 2023-10-12T18:52:58.111077700, generated = 
  arg0: -3


timestamp = 2023-10-12T18:52:58.111077700, generated = 
  arg0: -95


timestamp = 2023-10-12T18:52:58.111077700, generated = 
  arg0: -4856877


timestamp = 2023-10-12T18:52:58.111077700, generated = 
  arg0: -1407406472


timestamp = 2023-10-12T18:52:58.112077100, generated = 
  arg0: -3535


timestamp = 2023-10-12T18:52:58.112077100, generated = 
  arg0: -1268229723


timestamp = 2023-10-12T18:52:58.113077400, generated = 
  arg0: 2


timestamp = 2023-10-12T18:52:58.113077400, generated = 
  arg0: 4


timestamp = 2023-10-12T18:52:58.113077400, generated = 
  arg0: -1651


timestamp = 2023-10-12T18:52:58.113077400, generated = 
  arg0: -3946


timestamp = 2023-10-12T18:52:58.114077600, generated = 
  arg0: -1614075750


timestamp = 2023-10-12T18:52:58.114077600, generated = 
  arg0: 37


timestamp = 2023-10-12T18:52:58.114077600, generated = 
  arg0: -3138


timestamp = 2023-10-12T18:52:58.114077600, generated = 
  arg0: 3126186


timestamp = 2023-10-12T18:52:58.115077100, generated = 
  arg0: -3506373


timestamp = 2023-10-12T18:52:58.115077100, generated = 
  arg0: -171


timestamp = 2023-10-12T18:52:58.116077200, generated = 
  arg0: 29953


timestamp = 2023-10-12T18:52:58.116077200, generated = 
  arg0: 1660


timestamp = 2023-10-12T18:52:58.116077200, generated = 
  arg0: -4201795


timestamp = 2023-10-12T18:52:58.117079600, generated = 
  arg0: 757786


timestamp = 2023-10-12T18:52:58.117079600, generated = 
  arg0: -559404


timestamp = 2023-10-12T18:52:58.118078100, generated = 
  arg0: 3


timestamp = 2023-10-12T18:52:58.118078100, generated = 
  arg0: -314


timestamp = 2023-10-12T18:52:58.119078500, generated = 
  arg0: 2147483647


timestamp = 2023-10-12T18:53:03.838318800, generated = 
  arg0: -2


timestamp = 2023-10-12T18:53:03.839318500, generated = 
  arg0: -153799


timestamp = 2023-10-12T18:53:03.839318500, generated = 
  arg0: 48


timestamp = 2023-10-12T18:53:03.839318500, generated = 
  arg0: 5220


timestamp = 2023-10-12T18:53:03.839318500, generated = 
  arg0: -5235


timestamp = 2023-10-12T18:53:03.839318500, generated = 
  arg0: -5363


timestamp = 2023-10-12T18:53:03.839318500, generated = 
  arg0: -160317265


timestamp = 2023-10-12T18:53:03.840320100, generated = 
  arg0: 587


timestamp = 2023-10-12T18:53:03.840320100, generated = 
  arg0: -38981


timestamp = 2023-10-12T18:53:03.840320100, generated = 
  arg0: -125


timestamp = 2023-10-12T18:53:03.840320100, generated = 
  arg0: -27


timestamp = 2023-10-12T18:53:03.840320100, generated = 
  arg0: -1989366111


timestamp = 2023-10-12T18:53:03.840320100, generated = 
  arg0: 119


timestamp = 2023-10-12T18:53:03.840320100, generated = 
  arg0: -2008852297


timestamp = 2023-10-12T18:53:03.840320100, generated = 
  arg0: -1061


timestamp = 2023-10-12T18:53:03.841320, generated = 
  arg0: -2147483647


timestamp = 2023-10-12T18:53:03.841320, generated = 
  arg0: -19


timestamp = 2023-10-12T18:53:03.841320, generated = 
  arg0: 65


timestamp = 2023-10-12T18:53:03.841320, generated = 
  arg0: 11


timestamp = 2023-10-12T18:53:03.841320, generated = 
  arg0: 16


timestamp = 2023-10-12T18:53:03.841320, generated = 
  arg0: 8


timestamp = 2023-10-12T18:53:03.841320, generated = 
  arg0: 16


timestamp = 2023-10-12T18:53:03.841320, generated = 
  arg0: -4320020


timestamp = 2023-10-12T18:53:03.841320, generated = 
  arg0: 165


timestamp = 2023-10-12T18:53:03.841320, generated = 
  arg0: -1653


timestamp = 2023-10-12T18:53:03.842322100, generated = 
  arg0: -6


timestamp = 2023-10-12T18:53:03.842322100, generated = 
  arg0: 2147483646


timestamp = 2023-10-12T18:53:03.842322100, generated = 
  arg0: 100


timestamp = 2023-10-12T18:53:03.842322100, generated = 
  arg0: -2147483648


timestamp = 2023-10-12T18:53:03.842322100, generated = 
  arg0: 733886


timestamp = 2023-10-12T18:53:03.842322100, generated = 
  arg0: -68


timestamp = 2023-10-12T18:53:03.843320, generated = 
  arg0: -194384


timestamp = 2023-10-12T18:53:03.843320, generated = 
  arg0: 3467


timestamp = 2023-10-12T18:53:03.843320, generated = 
  arg0: 42307


timestamp = 2023-10-12T18:53:03.843320, generated = 
  arg0: -23343


timestamp = 2023-10-12T18:53:03.843320, generated = 
  arg0: 2110530949


timestamp = 2023-10-12T18:53:03.843320, generated = 
  arg0: -696900


timestamp = 2023-10-12T18:53:03.843320, generated = 
  arg0: 533


timestamp = 2023-10-12T18:53:03.843320, generated = 
  arg0: -94592


timestamp = 2023-10-12T18:53:03.843320, generated = 
  arg0: -10


timestamp = 2023-10-12T18:53:03.844320500, generated = 
  arg0: 15


timestamp = 2023-10-12T18:53:03.844320500, generated = 
  arg0: -612499


timestamp = 2023-10-12T18:53:03.844320500, generated = 
  arg0: 204


timestamp = 2023-10-12T18:53:03.844320500, generated = 
  arg0: -10


timestamp = 2023-10-12T18:53:03.844320500, generated = 
  arg0: -6354


timestamp = 2023-10-12T18:53:03.844320500, generated = 
  arg0: 468202060


timestamp = 2023-10-12T18:53:03.844320500, generated = 
  arg0: -176


timestamp = 2023-10-12T18:53:03.844320500, generated = 
  arg0: 69


timestamp = 2023-10-12T18:53:03.844320500, generated = 
  arg0: -30


timestamp = 2023-10-12T18:53:03.845323900, generated = 
  arg0: 64483


timestamp = 2023-10-12T18:53:03.845323900, generated = 
  arg0: -5198


timestamp = 2023-10-12T18:53:03.845323900, generated = 
  arg0: -49


timestamp = 2023-10-12T18:53:03.845323900, generated = 
  arg0: 4728


timestamp = 2023-10-12T18:53:03.845323900, generated = 
  arg0: 4070203


timestamp = 2023-10-12T18:53:03.845323900, generated = 
  arg0: -30


timestamp = 2023-10-12T18:53:03.845323900, generated = 
  arg0: 21


timestamp = 2023-10-12T18:53:03.845323900, generated = 
  arg0: 671440


timestamp = 2023-10-12T18:53:03.845323900, generated = 
  arg0: -197366143


timestamp = 2023-10-12T18:53:03.846320900, generated = 
  arg0: -636


timestamp = 2023-10-12T18:53:03.846320900, generated = 
  arg0: -15789


timestamp = 2023-10-12T18:53:03.846320900, generated = 
  arg0: 1800162060


timestamp = 2023-10-12T18:53:03.846320900, generated = 
  arg0: 392


timestamp = 2023-10-12T18:53:03.846320900, generated = 
  arg0: 53311


timestamp = 2023-10-12T18:53:03.846320900, generated = 
  arg0: -2


timestamp = 2023-10-12T18:53:03.847321400, generated = 
  arg0: 8873


timestamp = 2023-10-12T18:53:03.847321400, generated = 
  arg0: -14650


timestamp = 2023-10-12T18:53:03.847321400, generated = 
  arg0: 397


timestamp = 2023-10-12T18:53:03.848321300, generated = 
  arg0: 315420463


timestamp = 2023-10-12T18:53:03.848321300, generated = 
  arg0: 510


timestamp = 2023-10-12T18:53:03.848321300, generated = 
  arg0: -123


timestamp = 2023-10-12T18:53:03.848321300, generated = 
  arg0: -47


timestamp = 2023-10-12T18:53:03.848321300, generated = 
  arg0: 80935


timestamp = 2023-10-12T18:53:03.849322, generated = 
  arg0: -13163


timestamp = 2023-10-12T18:53:03.849322, generated = 
  arg0: 35482


timestamp = 2023-10-12T18:53:03.849322, generated = 
  arg0: 14


timestamp = 2023-10-12T18:53:03.849322, generated = 
  arg0: 37258


timestamp = 2023-10-12T18:53:03.849322, generated = 
  arg0: 58


timestamp = 2023-10-12T18:53:03.850324300, generated = 
  arg0: -1


timestamp = 2023-10-12T18:53:03.850324300, generated = 
  arg0: -3


timestamp = 2023-10-12T18:53:03.850324300, generated = 
  arg0: -5596


timestamp = 2023-10-12T18:53:03.850324300, generated = 
  arg0: 40582


timestamp = 2023-10-12T18:53:03.850324300, generated = 
  arg0: 6


timestamp = 2023-10-12T18:53:03.851322600, generated = 
  arg0: -4312366


timestamp = 2023-10-12T18:53:03.851322600, generated = 
  arg0: -4728


timestamp = 2023-10-12T18:53:03.851322600, generated = 
  arg0: 371304


timestamp = 2023-10-12T18:53:03.851322600, generated = 
  arg0: 87


timestamp = 2023-10-12T18:53:03.851322600, generated = 
  arg0: 858


timestamp = 2023-10-12T18:53:03.851322600, generated = 
  arg0: 552


timestamp = 2023-10-12T18:53:03.852322600, generated = 
  arg0: 40818


timestamp = 2023-10-12T18:53:03.852322600, generated = 
  arg0: 1563


timestamp = 2023-10-12T18:53:03.852322600, generated = 
  arg0: -428


timestamp = 2023-10-12T18:53:03.852322600, generated = 
  arg0: -234


timestamp = 2023-10-12T18:53:03.852322600, generated = 
  arg0: -678


timestamp = 2023-10-12T18:53:03.852322600, generated = 
  arg0: 629


timestamp = 2023-10-12T18:53:03.852322600, generated = 
  arg0: -39916


timestamp = 2023-10-12T18:53:03.852322600, generated = 
  arg0: -629118687


timestamp = 2023-10-12T18:53:03.853321700, generated = 
  arg0: -5316012


timestamp = 2023-10-12T18:53:03.853321700, generated = 
  arg0: -13882


timestamp = 2023-10-12T18:53:03.853321700, generated = 
  arg0: -4753893


timestamp = 2023-10-12T18:53:03.853321700, generated = 
  arg0: 166689


timestamp = 2023-10-12T18:53:03.853321700, generated = 
  arg0: -298


timestamp = 2023-10-12T18:53:03.853321700, generated = 
  arg0: 299


timestamp = 2023-10-12T18:53:03.853321700, generated = 
  arg0: -5


timestamp = 2023-10-12T18:53:03.853321700, generated = 
  arg0: 19


timestamp = 2023-10-12T18:53:03.853321700, generated = 
  arg0: -1812225143


timestamp = 2023-10-12T18:53:03.854323700, generated = 
  arg0: -2


timestamp = 2023-10-12T18:53:03.854323700, generated = 
  arg0: -282431


timestamp = 2023-10-12T18:53:03.854323700, generated = 
  arg0: -5257215


timestamp = 2023-10-12T18:53:03.854323700, generated = 
  arg0: 35


timestamp = 2023-10-12T18:53:03.854323700, generated = 
  arg0: -209


timestamp = 2023-10-12T18:53:03.854323700, generated = 
  arg0: -1


timestamp = 2023-10-12T18:53:03.855322100, generated = 
  arg0: -63


timestamp = 2023-10-12T18:53:03.855322100, generated = 
  arg0: 35578


timestamp = 2023-10-12T18:53:03.855322100, generated = 
  arg0: -1


timestamp = 2023-10-12T18:53:03.855322100, generated = 
  arg0: -169


timestamp = 2023-10-12T18:53:03.856324100, generated = 
  arg0: 13


timestamp = 2023-10-12T18:53:03.856324100, generated = 
  arg0: -33681


timestamp = 2023-10-12T18:53:03.856324100, generated = 
  arg0: -5357


timestamp = 2023-10-12T18:53:03.856324100, generated = 
  arg0: 161


timestamp = 2023-10-12T18:53:03.856324100, generated = 
  arg0: 897


timestamp = 2023-10-12T18:53:03.856324100, generated = 
  arg0: 220


timestamp = 2023-10-12T18:53:03.857322300, generated = 
  arg0: 200454


timestamp = 2023-10-12T18:53:03.857322300, generated = 
  arg0: 1305


timestamp = 2023-10-12T18:53:03.857322300, generated = 
  arg0: 184056


timestamp = 2023-10-12T18:53:03.857322300, generated = 
  arg0: 3


timestamp = 2023-10-12T18:53:03.857322300, generated = 
  arg0: 312


timestamp = 2023-10-12T18:53:03.857322300, generated = 
  arg0: 1907986035


timestamp = 2023-10-12T18:53:03.857322300, generated = 
  arg0: -22


timestamp = 2023-10-12T18:53:03.858321600, generated = 
  arg0: 0


timestamp = 2023-10-12T18:53:03.858321600, generated = 
  arg0: -145518


timestamp = 2023-10-12T18:53:03.858321600, generated = 
  arg0: 814525


timestamp = 2023-10-12T18:53:03.858321600, generated = 
  arg0: -2081328000


timestamp = 2023-10-12T18:53:03.858321600, generated = 
  arg0: 23018


timestamp = 2023-10-12T18:53:03.859325300, generated = 
  arg0: 4163


timestamp = 2023-10-12T18:53:03.859325300, generated = 
  arg0: 6


timestamp = 2023-10-12T18:53:03.859325300, generated = 
  arg0: 9503


timestamp = 2023-10-12T18:53:03.859325300, generated = 
  arg0: 1493523053


timestamp = 2023-10-12T18:53:03.859325300, generated = 
  arg0: -1736


timestamp = 2023-10-12T18:53:03.859325300, generated = 
  arg0: 365


timestamp = 2023-10-12T18:53:03.859325300, generated = 
  arg0: 45078


timestamp = 2023-10-12T18:53:03.860382300, generated = 
  arg0: 2147483646


timestamp = 2023-10-12T18:53:03.860382300, generated = 
  arg0: -206


timestamp = 2023-10-12T18:53:03.860382300, generated = 
  arg0: -428744


timestamp = 2023-10-12T18:53:03.860382300, generated = 
  arg0: -1862430


timestamp = 2023-10-12T18:53:03.861382700, generated = 
  arg0: 5243581


timestamp = 2023-10-12T18:53:03.861382700, generated = 
  arg0: 2


timestamp = 2023-10-12T18:53:03.861382700, generated = 
  arg0: 42432


timestamp = 2023-10-12T18:53:03.862384200, generated = 
  arg0: 302991


timestamp = 2023-10-12T18:53:03.862384200, generated = 
  arg0: 442


timestamp = 2023-10-12T18:53:03.862384200, generated = 
  arg0: -34059


timestamp = 2023-10-12T18:53:03.863383100, generated = 
  arg0: -219


timestamp = 2023-10-12T18:53:03.863383100, generated = 
  arg0: -19


timestamp = 2023-10-12T18:53:03.864381800, generated = 
  arg0: 18


timestamp = 2023-10-12T18:53:03.864381800, generated = 
  arg0: -124


timestamp = 2023-10-12T18:53:03.865382, generated = 
  arg0: 598216712


timestamp = 2023-10-12T18:53:03.865382, generated = 
  arg0: 1


timestamp = 2023-10-12T18:53:03.865382, generated = 
  arg0: -1


timestamp = 2023-10-12T18:53:03.866383800, generated = 
  arg0: -23


timestamp = 2023-10-12T18:53:03.866383800, generated = 
  arg0: 3723


timestamp = 2023-10-12T18:53:03.867383600, generated = 
  arg0: 1639


timestamp = 2023-10-12T18:53:03.867383600, generated = 
  arg0: -2


timestamp = 2023-10-12T18:53:03.868382700, generated = 
  arg0: 5


timestamp = 2023-10-12T18:53:03.868382700, generated = 
  arg0: 5953


timestamp = 2023-10-12T18:53:03.868382700, generated = 
  arg0: -601


timestamp = 2023-10-12T18:53:03.868382700, generated = 
  arg0: 4


timestamp = 2023-10-12T18:53:03.869384, generated = 
  arg0: 7


timestamp = 2023-10-12T18:53:03.869384, generated = 
  arg0: 17


timestamp = 2023-10-12T18:53:03.869384, generated = 
  arg0: 4108768


timestamp = 2023-10-12T18:53:03.869384, generated = 
  arg0: 270


timestamp = 2023-10-12T18:53:03.869384, generated = 
  arg0: -144


timestamp = 2023-10-12T18:53:03.869384, generated = 
  arg0: 3188817


timestamp = 2023-10-12T18:53:03.869384, generated = 
  arg0: -81800


timestamp = 2023-10-12T18:53:03.870383700, generated = 
  arg0: 12274


timestamp = 2023-10-12T18:53:03.870383700, generated = 
  arg0: -122392


timestamp = 2023-10-12T18:53:03.870383700, generated = 
  arg0: -50


timestamp = 2023-10-12T18:53:03.870383700, generated = 
  arg0: -182


timestamp = 2023-10-12T18:53:03.870383700, generated = 
  arg0: 45


timestamp = 2023-10-12T18:53:03.870383700, generated = 
  arg0: 202


timestamp = 2023-10-12T18:53:03.871384100, generated = 
  arg0: 2147483647


timestamp = 2023-10-12T18:53:09.587765800, generated = 
  arg0: -6


timestamp = 2023-10-12T18:53:09.587765800, generated = 
  arg0: -598


timestamp = 2023-10-12T18:53:09.588767700, generated = 
  arg0: 120


timestamp = 2023-10-12T18:53:09.588767700, generated = 
  arg0: 14893


timestamp = 2023-10-12T18:53:09.588767700, generated = 
  arg0: 36


timestamp = 2023-10-12T18:53:09.588767700, generated = 
  arg0: -569


timestamp = 2023-10-12T18:53:09.588767700, generated = 
  arg0: -18


timestamp = 2023-10-12T18:53:09.588767700, generated = 
  arg0: 79


timestamp = 2023-10-12T18:53:09.589765800, generated = 
  arg0: -102594


timestamp = 2023-10-12T18:53:09.589765800, generated = 
  arg0: 25342


timestamp = 2023-10-12T18:53:09.589765800, generated = 
  arg0: 676


timestamp = 2023-10-12T18:53:09.590769300, generated = 
  arg0: 60


timestamp = 2023-10-12T18:53:09.590769300, generated = 
  arg0: 13


timestamp = 2023-10-12T18:53:09.590769300, generated = 
  arg0: -572199


timestamp = 2023-10-12T18:53:09.590769300, generated = 
  arg0: 0


timestamp = 2023-10-12T18:53:09.591773300, generated = 
  arg0: -466317


timestamp = 2023-10-12T18:53:09.591773300, generated = 
  arg0: 597


timestamp = 2023-10-12T18:53:09.591773300, generated = 
  arg0: 322


timestamp = 2023-10-12T18:53:09.591773300, generated = 
  arg0: -530611


timestamp = 2023-10-12T18:53:09.591773300, generated = 
  arg0: -4342


timestamp = 2023-10-12T18:53:09.591773300, generated = 
  arg0: -37


timestamp = 2023-10-12T18:53:09.591773300, generated = 
  arg0: -45


timestamp = 2023-10-12T18:53:09.592766300, generated = 
  arg0: -71


timestamp = 2023-10-12T18:53:09.592766300, generated = 
  arg0: 222


timestamp = 2023-10-12T18:53:09.592766300, generated = 
  arg0: -1111979294


timestamp = 2023-10-12T18:53:09.592766300, generated = 
  arg0: -489


timestamp = 2023-10-12T18:53:09.592766300, generated = 
  arg0: 684


timestamp = 2023-10-12T18:53:09.593764500, generated = 
  arg0: 151


timestamp = 2023-10-12T18:53:09.593764500, generated = 
  arg0: 31028


timestamp = 2023-10-12T18:53:09.593764500, generated = 
  arg0: -1341855


timestamp = 2023-10-12T18:53:09.593764500, generated = 
  arg0: 130


timestamp = 2023-10-12T18:53:09.593764500, generated = 
  arg0: -16970


timestamp = 2023-10-12T18:53:09.594765900, generated = 
  arg0: -1663


timestamp = 2023-10-12T18:53:09.594765900, generated = 
  arg0: 5223648


timestamp = 2023-10-12T18:53:09.615767400, [codeHW3Test:isPrimeTest] (1000) ExpectedResult = 
       # | label | count | 
    -----|-------|-------|---------------------------------------------------------------------------------
       0 | false |   909 | ################################################################################
       1 |  true |    91 | ########

timestamp = 2023-10-12T18:53:09.616767200, [codeHW3Test:isPrimeTest] (1000) OurMethod = 
       # | label | count | 
    -----|-------|-------|---------------------------------------------------------------------------------
       0 | false |   909 | ################################################################################
       1 |  true |    91 | ########

timestamp = 2023-10-12T18:53:09.625767500, codeHW3Test:isPrimeTest = 
                              |-----------------------jqwik-----------------------
tries = 1000                  | # of calls to property
checks = 1000                 | # of not rejected calls
generation = RANDOMIZED       | parameters are randomly generated
after-failure = SAMPLE_FIRST  | try previously failed sample, then previous seed
when-fixed-seed = ALLOW       | fixing the random seed is allowed
edge-cases#mode = MIXIN       | edge cases are mixed in
edge-cases#total = 9          | # of all combined edge cases
edge-cases#tried = 9          | # of edge cases tried in current run
seed = -2053449697634718457   | random seed to reproduce generated values


timestamp = 2023-10-12T18:53:09.675928200, generated = 
  arg0: -20


timestamp = 2023-10-12T18:53:09.677922200, generated = 
  arg0: -19


timestamp = 2023-10-12T18:53:09.677922200, generated = 
  arg0: -18


timestamp = 2023-10-12T18:53:09.678924800, generated = 
  arg0: -17


timestamp = 2023-10-12T18:53:09.678924800, generated = 
  arg0: -16


timestamp = 2023-10-12T18:53:09.678924800, generated = 
  arg0: -15


timestamp = 2023-10-12T18:53:09.679922, generated = 
  arg0: -14


timestamp = 2023-10-12T18:53:09.679922, generated = 
  arg0: -13


timestamp = 2023-10-12T18:53:09.680922400, generated = 
  arg0: -12


timestamp = 2023-10-12T18:53:09.681922300, generated = 
  arg0: -11


timestamp = 2023-10-12T18:53:09.681922300, generated = 
  arg0: -10


timestamp = 2023-10-12T18:53:09.682924300, generated = 
  arg0: -9


timestamp = 2023-10-12T18:53:09.682924300, generated = 
  arg0: -8


timestamp = 2023-10-12T18:53:09.682924300, generated = 
  arg0: -7


timestamp = 2023-10-12T18:53:09.683924, generated = 
  arg0: -6


timestamp = 2023-10-12T18:53:09.683924, generated = 
  arg0: -5


timestamp = 2023-10-12T18:53:09.684923300, generated = 
  arg0: -4


timestamp = 2023-10-12T18:53:09.684923300, generated = 
  arg0: -3


timestamp = 2023-10-12T18:53:09.685922900, generated = 
  arg0: -2


timestamp = 2023-10-12T18:53:09.685922900, generated = 
  arg0: -1


timestamp = 2023-10-12T18:53:09.685922900, generated = 
  arg0: 0


timestamp = 2023-10-12T18:53:09.685922900, generated = 
  arg0: 1


timestamp = 2023-10-12T18:53:09.686923500, generated = 
  arg0: 2


timestamp = 2023-10-12T18:53:09.687924200, generated = 
  arg0: 3


timestamp = 2023-10-12T18:53:09.687924200, generated = 
  arg0: 4


timestamp = 2023-10-12T18:53:09.688921800, generated = 
  arg0: 5


timestamp = 2023-10-12T18:53:09.688921800, generated = 
  arg0: 6


timestamp = 2023-10-12T18:53:09.689924, generated = 
  arg0: 7


timestamp = 2023-10-12T18:53:09.689924, generated = 
  arg0: 8


timestamp = 2023-10-12T18:53:09.689924, generated = 
  arg0: 9


timestamp = 2023-10-12T18:53:09.689924, generated = 
  arg0: 10


timestamp = 2023-10-12T18:53:09.690922500, generated = 
  arg0: 11


timestamp = 2023-10-12T18:53:09.690922500, generated = 
  arg0: 12


timestamp = 2023-10-12T18:53:09.691922800, generated = 
  arg0: 13


timestamp = 2023-10-12T18:53:09.691922800, generated = 
  arg0: 14


timestamp = 2023-10-12T18:53:09.691922800, generated = 
  arg0: 15


timestamp = 2023-10-12T18:53:09.691922800, generated = 
  arg0: 16


timestamp = 2023-10-12T18:53:09.692923200, generated = 
  arg0: 17


timestamp = 2023-10-12T18:53:09.692923200, generated = 
  arg0: 18


timestamp = 2023-10-12T18:53:09.692923200, generated = 
  arg0: 19


timestamp = 2023-10-12T18:53:09.693922800, generated = 
  arg0: 20


timestamp = 2023-10-12T18:53:09.694925900, codeHW3Test:evenOrOddTest = 
                              |-----------------------jqwik-----------------------
tries = 41                    | # of calls to property
checks = 41                   | # of not rejected calls
generation = EXHAUSTIVE       | parameters are exhaustively generated
after-failure = SAMPLE_FIRST  | try previously failed sample, then previous seed
when-fixed-seed = ALLOW       | fixing the random seed is allowed
edge-cases#mode = MIXIN       | edge cases are mixed in
edge-cases#total = 0          | # of all combined edge cases
edge-cases#tried = 0          | # of edge cases tried in current run
seed = -6907640505698391821   | random seed to reproduce generated values


]]></system-out>
  <system-err><![CDATA[]]></system-err>
</testsuite>
