<?xml version="1.0" encoding="UTF-8"?>
<testsuite name="Test Metodi -&gt; size(), isEmpty() &amp; NodeConstructor()" tests="2" skipped="0" failures="0" errors="0" timestamp="2023-10-10T15:48:55" hostname="CAP-WORKSTATION" time="0.032">
  <properties/>
  <testcase name="T8 - testSizeAndIsEmpty()" classname="org.example.LinkedListTest$Fourth_FifthMethodTest" time="0.027"/>
  <testcase name="T9 - testNodeConstructor()" classname="org.example.LinkedListTest$Fourth_FifthMethodTest" time="0.003"/>
  <system-out><![CDATA[]]></system-out>
  <system-err><![CDATA[]]></system-err>
</testsuite>
