<?xml version="1.0" encoding="UTF-8"?>
<testsuite name="org.example.LinkedListTest" tests="5" skipped="0" failures="0" errors="0" timestamp="2023-09-22T10:19:24" hostname="CAP-WORKSTATION" time="0.06">
  <properties/>
  <testcase name="T4 - testSizeAndIsEmpty()" classname="org.example.LinkedListTest" time="0.039"/>
  <testcase name="T1 - testAdd()" classname="org.example.LinkedListTest" time="0.002"/>
  <testcase name="T3 - testGet()" classname="org.example.LinkedListTest" time="0.005"/>
  <testcase name="T5 - testNodeConstructor()" classname="org.example.LinkedListTest" time="0.003"/>
  <testcase name="T2 - testRemove()" classname="org.example.LinkedListTest" time="0.003"/>
  <system-out><![CDATA[]]></system-out>
  <system-err><![CDATA[]]></system-err>
</testsuite>
