<?xml version="1.0" encoding="UTF-8"?>
<testsuite name="Test Metodo -&gt; remove()" tests="4" skipped="0" failures="0" errors="0" timestamp="2023-10-10T15:48:56" hostname="CAP-WORKSTATION" time="0.009">
  <properties/>
  <testcase name="T4 - Rimozione di un elemento esistente dalla lista" classname="org.example.LinkedListTest$SecondMethodTest" time="0.001"/>
  <testcase name="T5.2 - Rimozione elemento da una lista vuota" classname="org.example.LinkedListTest$SecondMethodTest" time="0.001"/>
  <testcase name="T5 - Tentativo di rimuovere un elemento non presente nella lista" classname="org.example.LinkedListTest$SecondMethodTest" time="0.001"/>
  <testcase name="T5.1 - Rimozione di un elemento dalla testa della lista" classname="org.example.LinkedListTest$SecondMethodTest" time="0.001"/>
  <system-out><![CDATA[]]></system-out>
  <system-err><![CDATA[]]></system-err>
</testsuite>
