<?xml version="1.0" encoding="UTF-8"?>
<testsuite name="T1-Concatenate Tests" tests="2" skipped="0" failures="0" errors="0" timestamp="2023-10-10T09:38:59" hostname="UNKNOWN" time="0.011">
  <properties/>
  <testcase name="T1.1-Concatenate non-null strings" classname="org.example.StringManipulatorTest$ConcatenateTests" time="0.009"/>
  <testcase name="T1.2-Concatenate with a null string" classname="org.example.StringManipulatorTest$ConcatenateTests" time="0.001"/>
  <system-out><![CDATA[]]></system-out>
  <system-err><![CDATA[]]></system-err>
</testsuite>
